# JRE version: OpenJDK Runtime Environment Temurin-17.0.12+7 (17.0.12+7) (build 17.0.12+7)
# Java VM: OpenJDK 64-Bit Server VM Temurin-17.0.12+7 (17.0.12+7, mixed mode, tiered, compressed oops, compressed class ptrs, parallel gc, windows-amd64)
GC Precious Log:
 CPUs: 4 total, 4 available
 Memory: 3961M
 Large Page Support: Disabled
 NUMA Support: Disabled
 Compressed Oops: Enabled (32-bit)
 Alignments: Space 512K, Generation 512K, Heap 2M
 Heap Min Capacity: 100M
 Heap Initial Capacity: 100M
 Heap Max Capacity: 1G
 Pre-touch: Disabled
 Parallel Workers: 4
Heap:
 PSYoungGen      total 21504K, used 817K [0x00000000eab00000, 0x00000000ec100000, 0x0000000100000000)
  eden space 20480K, 0% used [0x00000000eab00000,0x00000000eab00000,0x00000000ebf00000)
  from space 1024K, 79% used [0x00000000ec000000,0x00000000ec0cc730,0x00000000ec100000)
  to   space 1024K, 0% used [0x00000000ebf00000,0x00000000ebf00000,0x00000000ec000000)
 ParOldGen       total 68608K, used 60694K [0x00000000c0000000, 0x00000000c4300000, 0x00000000eab00000)
  object space 68608K, 88% used [0x00000000c0000000,0x00000000c3b45b40,0x00000000c4300000)
 Metaspace       used 73988K, committed 75264K, reserved 1179648K
  class space    used 7940K, committed 8512K, reserved 1048576K
GC Heap History (20 events):
Event: 21.613 GC heap after
{Heap after GC invocations=54 (full 3):
 PSYoungGen      total 21504K, used 836K [0x00000000eab00000, 0x00000000ec100000, 0x0000000100000000)
  eden space 20480K, 0% used [0x00000000eab00000,0x00000000eab00000,0x00000000ebf00000)
  from space 1024K, 81% used [0x00000000ebf80000,0x00000000ec051238,0x00000000ec080000)
  to   space 512K, 0% used [0x00000000ec080000,0x00000000ec080000,0x00000000ec100000)
 ParOldGen       total 68608K, used 55008K [0x00000000c0000000, 0x00000000c4300000, 0x00000000eab00000)
  object space 68608K, 80% used [0x00000000c0000000,0x00000000c35b8280,0x00000000c4300000)
 Metaspace       used 72775K, committed 74048K, reserved 1179648K
  class space    used 7806K, committed 8384K, reserved 1048576K
}
Event: 21.707 GC heap before
{Heap before GC invocations=55 (full 3):
 PSYoungGen      total 21504K, used 21316K [0x00000000eab00000, 0x00000000ec100000, 0x0000000100000000)
  eden space 20480K, 100% used [0x00000000eab00000,0x00000000ebf00000,0x00000000ebf00000)
  from space 1024K, 81% used [0x00000000ebf80000,0x00000000ec051238,0x00000000ec080000)
  to   space 512K, 0% used [0x00000000ec080000,0x00000000ec080000,0x00000000ec100000)
 ParOldGen       total 68608K, used 55008K [0x00000000c0000000, 0x00000000c4300000, 0x00000000eab00000)
  object space 68608K, 80% used [0x00000000c0000000,0x00000000c35b8280,0x00000000c4300000)
 Metaspace       used 72928K, committed 74176K, reserved 1179648K
  class space    used 7832K, committed 8384K, reserved 1048576K
}
Event: 21.710 GC heap after
{Heap after GC invocations=55 (full 3):
 PSYoungGen      total 20992K, used 502K [0x00000000eab00000, 0x00000000ec200000, 0x0000000100000000)
  eden space 20480K, 0% used [0x00000000eab00000,0x00000000eab00000,0x00000000ebf00000)
  from space 512K, 98% used [0x00000000ec080000,0x00000000ec0fda68,0x00000000ec100000)
  to   space 1536K, 0% used [0x00000000ebf00000,0x00000000ebf00000,0x00000000ec080000)
 ParOldGen       total 68608K, used 55761K [0x00000000c0000000, 0x00000000c4300000, 0x00000000eab00000)
  object space 68608K, 81% used [0x00000000c0000000,0x00000000c3674710,0x00000000c4300000)
 Metaspace       used 72928K, committed 74176K, reserved 1179648K
  class space    used 7832K, committed 8384K, reserved 1048576K
}
Event: 21.799 GC heap before
{Heap before GC invocations=56 (full 3):
 PSYoungGen      total 20992K, used 20982K [0x00000000eab00000, 0x00000000ec200000, 0x0000000100000000)
  eden space 20480K, 100% used [0x00000000eab00000,0x00000000ebf00000,0x00000000ebf00000)
  from space 512K, 98% used [0x00000000ec080000,0x00000000ec0fda68,0x00000000ec100000)
  to   space 1536K, 0% used [0x00000000ebf00000,0x00000000ebf00000,0x00000000ec080000)
 ParOldGen       total 68608K, used 55761K [0x00000000c0000000, 0x00000000c4300000, 0x00000000eab00000)
  object space 68608K, 81% used [0x00000000c0000000,0x00000000c3674710,0x00000000c4300000)
 Metaspace       used 73515K, committed 74816K, reserved 1179648K
  class space    used 7906K, committed 8512K, reserved 1048576K
}
Event: 21.801 GC heap after
{Heap after GC invocations=56 (full 3):
 PSYoungGen      total 20992K, used 435K [0x00000000eab00000, 0x00000000ec100000, 0x0000000100000000)
  eden space 20480K, 0% used [0x00000000eab00000,0x00000000eab00000,0x00000000ebf00000)
  from space 512K, 85% used [0x00000000ebf00000,0x00000000ebf6cd00,0x00000000ebf80000)
  to   space 1024K, 0% used [0x00000000ec000000,0x00000000ec000000,0x00000000ec100000)
 ParOldGen       total 68608K, used 56110K [0x00000000c0000000, 0x00000000c4300000, 0x00000000eab00000)
  object space 68608K, 81% used [0x00000000c0000000,0x00000000c36cb860,0x00000000c4300000)
 Metaspace       used 73515K, committed 74816K, reserved 1179648K
  class space    used 7906K, committed 8512K, reserved 1048576K
}
Event: 21.861 GC heap before
{Heap before GC invocations=57 (full 3):
 PSYoungGen      total 20992K, used 20915K [0x00000000eab00000, 0x00000000ec100000, 0x0000000100000000)
  eden space 20480K, 100% used [0x00000000eab00000,0x00000000ebf00000,0x00000000ebf00000)
  from space 512K, 85% used [0x00000000ebf00000,0x00000000ebf6cd00,0x00000000ebf80000)
  to   space 1024K, 0% used [0x00000000ec000000,0x00000000ec000000,0x00000000ec100000)
 ParOldGen       total 68608K, used 56110K [0x00000000c0000000, 0x00000000c4300000, 0x00000000eab00000)
  object space 68608K, 81% used [0x00000000c0000000,0x00000000c36cb860,0x00000000c4300000)
 Metaspace       used 73570K, committed 74816K, reserved 1179648K
  class space    used 7912K, committed 8512K, reserved 1048576K
}
Event: 21.863 GC heap after
{Heap after GC invocations=57 (full 3):
 PSYoungGen      total 20992K, used 425K [0x00000000eab00000, 0x00000000ec080000, 0x0000000100000000)
  eden space 20480K, 0% used [0x00000000eab00000,0x00000000eab00000,0x00000000ebf00000)
  from space 512K, 83% used [0x00000000ec000000,0x00000000ec06a608,0x00000000ec080000)
  to   space 512K, 0% used [0x00000000ebf00000,0x00000000ebf00000,0x00000000ebf80000)
 ParOldGen       total 68608K, used 56421K [0x00000000c0000000, 0x00000000c4300000, 0x00000000eab00000)
  object space 68608K, 82% used [0x00000000c0000000,0x00000000c37197f8,0x00000000c4300000)
 Metaspace       used 73570K, committed 74816K, reserved 1179648K
  class space    used 7912K, committed 8512K, reserved 1048576K
}
Event: 21.993 GC heap before
{Heap before GC invocations=58 (full 3):
 PSYoungGen      total 20992K, used 20905K [0x00000000eab00000, 0x00000000ec080000, 0x0000000100000000)
  eden space 20480K, 100% used [0x00000000eab00000,0x00000000ebf00000,0x00000000ebf00000)
  from space 512K, 83% used [0x00000000ec000000,0x00000000ec06a608,0x00000000ec080000)
  to   space 512K, 0% used [0x00000000ebf00000,0x00000000ebf00000,0x00000000ebf80000)
 ParOldGen       total 68608K, used 56421K [0x00000000c0000000, 0x00000000c4300000, 0x00000000eab00000)
  object space 68608K, 82% used [0x00000000c0000000,0x00000000c37197f8,0x00000000c4300000)
 Metaspace       used 73931K, committed 75200K, reserved 1179648K
  class space    used 7935K, committed 8512K, reserved 1048576K
}
Event: 21.997 GC heap after
{Heap after GC invocations=58 (full 3):
 PSYoungGen      total 20992K, used 414K [0x00000000eab00000, 0x00000000ec080000, 0x0000000100000000)
  eden space 20480K, 0% used [0x00000000eab00000,0x00000000eab00000,0x00000000ebf00000)
  from space 512K, 81% used [0x00000000ebf00000,0x00000000ebf67b58,0x00000000ebf80000)
  to   space 512K, 0% used [0x00000000ec000000,0x00000000ec000000,0x00000000ec080000)
 ParOldGen       total 68608K, used 59392K [0x00000000c0000000, 0x00000000c4300000, 0x00000000eab00000)
  object space 68608K, 86% used [0x00000000c0000000,0x00000000c3a00308,0x00000000c4300000)
 Metaspace       used 73931K, committed 75200K, reserved 1179648K
  class space    used 7935K, committed 8512K, reserved 1048576K
}
Event: 22.021 GC heap before
{Heap before GC invocations=59 (full 3):
 PSYoungGen      total 20992K, used 20894K [0x00000000eab00000, 0x00000000ec080000, 0x0000000100000000)
  eden space 20480K, 100% used [0x00000000eab00000,0x00000000ebf00000,0x00000000ebf00000)
  from space 512K, 81% used [0x00000000ebf00000,0x00000000ebf67b58,0x00000000ebf80000)
  to   space 512K, 0% used [0x00000000ec000000,0x00000000ec000000,0x00000000ec080000)
 ParOldGen       total 68608K, used 59392K [0x00000000c0000000, 0x00000000c4300000, 0x00000000eab00000)
  object space 68608K, 86% used [0x00000000c0000000,0x00000000c3a00308,0x00000000c4300000)
 Metaspace       used 73937K, committed 75200K, reserved 1179648K
  class space    used 7936K, committed 8512K, reserved 1048576K
}
Event: 22.023 GC heap after
{Heap after GC invocations=59 (full 3):
 PSYoungGen      total 20992K, used 494K [0x00000000eab00000, 0x00000000ec100000, 0x0000000100000000)
  eden space 20480K, 0% used [0x00000000eab00000,0x00000000eab00000,0x00000000ebf00000)
  from space 512K, 96% used [0x00000000ec000000,0x00000000ec07b838,0x00000000ec080000)
  to   space 1024K, 0% used [0x00000000ebf00000,0x00000000ebf00000,0x00000000ec000000)
 ParOldGen       total 68608K, used 59796K [0x00000000c0000000, 0x00000000c4300000, 0x00000000eab00000)
  object space 68608K, 87% used [0x00000000c0000000,0x00000000c3a652e8,0x00000000c4300000)
 Metaspace       used 73937K, committed 75200K, reserved 1179648K
  class space    used 7936K, committed 8512K, reserved 1048576K
}
Event: 22.083 GC heap before
{Heap before GC invocations=60 (full 3):
 PSYoungGen      total 20992K, used 20974K [0x00000000eab00000, 0x00000000ec100000, 0x0000000100000000)
  eden space 20480K, 100% used [0x00000000eab00000,0x00000000ebf00000,0x00000000ebf00000)
  from space 512K, 96% used [0x00000000ec000000,0x00000000ec07b838,0x00000000ec080000)
  to   space 1024K, 0% used [0x00000000ebf00000,0x00000000ebf00000,0x00000000ec000000)
 ParOldGen       total 68608K, used 59796K [0x00000000c0000000, 0x00000000c4300000, 0x00000000eab00000)
  object space 68608K, 87% used [0x00000000c0000000,0x00000000c3a652e8,0x00000000c4300000)
 Metaspace       used 73952K, committed 75200K, reserved 1179648K
  class space    used 7938K, committed 8512K, reserved 1048576K
}
Event: 22.085 GC heap after
{Heap after GC invocations=60 (full 3):
 PSYoungGen      total 21504K, used 608K [0x00000000eab00000, 0x00000000ec100000, 0x0000000100000000)
  eden space 20480K, 0% used [0x00000000eab00000,0x00000000eab00000,0x00000000ebf00000)
  from space 1024K, 59% used [0x00000000ebf00000,0x00000000ebf98000,0x00000000ec000000)
  to   space 1024K, 0% used [0x00000000ec000000,0x00000000ec000000,0x00000000ec100000)
 ParOldGen       total 68608K, used 61462K [0x00000000c0000000, 0x00000000c4300000, 0x00000000eab00000)
  object space 68608K, 89% used [0x00000000c0000000,0x00000000c3c05a88,0x00000000c4300000)
 Metaspace       used 73952K, committed 75200K, reserved 1179648K
  class space    used 7938K, committed 8512K, reserved 1048576K
}
Event: 22.116 GC heap before
{Heap before GC invocations=61 (full 3):
 PSYoungGen      total 21504K, used 21088K [0x00000000eab00000, 0x00000000ec100000, 0x0000000100000000)
  eden space 20480K, 100% used [0x00000000eab00000,0x00000000ebf00000,0x00000000ebf00000)
  from space 1024K, 59% used [0x00000000ebf00000,0x00000000ebf98000,0x00000000ec000000)
  to   space 1024K, 0% used [0x00000000ec000000,0x00000000ec000000,0x00000000ec100000)
 ParOldGen       total 68608K, used 61462K [0x00000000c0000000, 0x00000000c4300000, 0x00000000eab00000)
  object space 68608K, 89% used [0x00000000c0000000,0x00000000c3c05a88,0x00000000c4300000)
 Metaspace       used 73982K, committed 75264K, reserved 1179648K
  class space    used 7940K, committed 8512K, reserved 1048576K
}
Event: 22.122 GC heap after
{Heap after GC invocations=61 (full 3):
 PSYoungGen      total 21504K, used 524K [0x00000000eab00000, 0x00000000ec100000, 0x0000000100000000)
  eden space 20480K, 0% used [0x00000000eab00000,0x00000000eab00000,0x00000000ebf00000)
  from space 1024K, 51% used [0x00000000ec000000,0x00000000ec083198,0x00000000ec100000)
  to   space 1024K, 0% used [0x00000000ebf00000,0x00000000ebf00000,0x00000000ec000000)
 ParOldGen       total 68608K, used 65444K [0x00000000c0000000, 0x00000000c4300000, 0x00000000eab00000)
  object space 68608K, 95% used [0x00000000c0000000,0x00000000c3fe9298,0x00000000c4300000)
 Metaspace       used 73982K, committed 75264K, reserved 1179648K
  class space    used 7940K, committed 8512K, reserved 1048576K
}
Event: 22.123 GC heap before
{Heap before GC invocations=62 (full 4):
 PSYoungGen      total 21504K, used 524K [0x00000000eab00000, 0x00000000ec100000, 0x0000000100000000)
  eden space 20480K, 0% used [0x00000000eab00000,0x00000000eab00000,0x00000000ebf00000)
  from space 1024K, 51% used [0x00000000ec000000,0x00000000ec083198,0x00000000ec100000)
  to   space 1024K, 0% used [0x00000000ebf00000,0x00000000ebf00000,0x00000000ec000000)
 ParOldGen       total 68608K, used 65444K [0x00000000c0000000, 0x00000000c4300000, 0x00000000eab00000)
  object space 68608K, 95% used [0x00000000c0000000,0x00000000c3fe9298,0x00000000c4300000)
 Metaspace       used 73982K, committed 75264K, reserved 1179648K
  class space    used 7940K, committed 8512K, reserved 1048576K
}
Event: 22.261 GC heap after
{Heap after GC invocations=62 (full 4):
 PSYoungGen      total 21504K, used 0K [0x00000000eab00000, 0x00000000ec100000, 0x0000000100000000)
  eden space 20480K, 0% used [0x00000000eab00000,0x00000000eab00000,0x00000000ebf00000)
  from space 1024K, 0% used [0x00000000ebf00000,0x00000000ebf00000,0x00000000ec000000)
  to   space 1024K, 0% used [0x00000000ec000000,0x00000000ec000000,0x00000000ec100000)
 ParOldGen       total 68608K, used 53034K [0x00000000c0000000, 0x00000000c4300000, 0x00000000eab00000)
  object space 68608K, 77% used [0x00000000c0000000,0x00000000c33cab30,0x00000000c4300000)
 Metaspace       used 73982K, committed 75264K, reserved 1179648K
  class space    used 7940K, committed 8512K, reserved 1048576K
}
Event: 22.304 GC heap before
{Heap before GC invocations=63 (full 4):
 PSYoungGen      total 21504K, used 20480K [0x00000000eab00000, 0x00000000ec100000, 0x0000000100000000)
  eden space 20480K, 100% used [0x00000000eab00000,0x00000000ebf00000,0x00000000ebf00000)
  from space 1024K, 0% used [0x00000000ebf00000,0x00000000ebf00000,0x00000000ec000000)
  to   space 1024K, 0% used [0x00000000ec000000,0x00000000ec000000,0x00000000ec100000)
 ParOldGen       total 68608K, used 53034K [0x00000000c0000000, 0x00000000c4300000, 0x00000000eab00000)
  object space 68608K, 77% used [0x00000000c0000000,0x00000000c33cab30,0x00000000c4300000)
 Metaspace       used 73988K, committed 75264K, reserved 1179648K
  class space    used 7940K, committed 8512K, reserved 1048576K
}
Event: 22.312 GC heap after
{Heap after GC invocations=63 (full 4):
 PSYoungGen      total 21504K, used 817K [0x00000000eab00000, 0x00000000ec100000, 0x0000000100000000)
  eden space 20480K, 0% used [0x00000000eab00000,0x00000000eab00000,0x00000000ebf00000)
  from space 1024K, 79% used [0x00000000ec000000,0x00000000ec0cc730,0x00000000ec100000)
  to   space 1024K, 0% used [0x00000000ebf00000,0x00000000ebf00000,0x00000000ec000000)
 ParOldGen       total 68608K, used 60694K [0x00000000c0000000, 0x00000000c4300000, 0x00000000eab00000)
  object space 68608K, 88% used [0x00000000c0000000,0x00000000c3b45b40,0x00000000c4300000)
 Metaspace       used 73988K, committed 75264K, reserved 1179648K
  class space    used 7940K, committed 8512K, reserved 1048576K
}
Event: 22.312 GC heap before
{Heap before GC invocations=64 (full 5):
 PSYoungGen      total 21504K, used 817K [0x00000000eab00000, 0x00000000ec100000, 0x0000000100000000)
  eden space 20480K, 0% used [0x00000000eab00000,0x00000000eab00000,0x00000000ebf00000)
  from space 1024K, 79% used [0x00000000ec000000,0x00000000ec0cc730,0x00000000ec100000)
  to   space 1024K, 0% used [0x00000000ebf00000,0x00000000ebf00000,0x00000000ec000000)
 ParOldGen       total 68608K, used 60694K [0x00000000c0000000, 0x00000000c4300000, 0x00000000eab00000)
  object space 68608K, 88% used [0x00000000c0000000,0x00000000c3b45b40,0x00000000c4300000)
 Metaspace       used 73988K, committed 75264K, reserved 1179648K
  class space    used 7940K, committed 8512K, reserved 1048576K
}

