# JRE version: OpenJDK Runtime Environment Temurin-17.0.12+7 (17.0.12+7) (build 17.0.12+7)
# Java VM: OpenJDK 64-Bit Server VM Temurin-17.0.12+7 (17.0.12+7, mixed mode, tiered, compressed oops, compressed class ptrs, parallel gc, windows-amd64)
GC Precious Log:
 CPUs: 4 total, 4 available
 Memory: 3961M
 Large Page Support: Disabled
 NUMA Support: Disabled
 Compressed Oops: Enabled (32-bit)
 Alignments: Space 512K, Generation 512K, Heap 2M
 Heap Min Capacity: 100M
 Heap Initial Capacity: 100M
 Heap Max Capacity: 1G
 Pre-touch: Disabled
 Parallel Workers: 4
Heap:
 PSYoungGen      total 24576K, used 5611K [0x00000000eab00000, 0x00000000ec680000, 0x0000000100000000)
  eden space 21504K, 14% used [0x00000000eab00000,0x00000000eadf7ad8,0x00000000ec000000)
  from space 3072K, 83% used [0x00000000ec380000,0x00000000ec603520,0x00000000ec680000)
  to   space 3072K, 0% used [0x00000000ec080000,0x00000000ec080000,0x00000000ec380000)
 ParOldGen       total 68608K, used 35810K [0x00000000c0000000, 0x00000000c4300000, 0x00000000eab00000)
  object space 68608K, 52% used [0x00000000c0000000,0x00000000c22f8a00,0x00000000c4300000)
 Metaspace       used 62042K, committed 63168K, reserved 1114112K
  class space    used 6678K, committed 7168K, reserved 1048576K
GC Heap History (20 events):
Event: 29.345 GC heap before
{Heap before GC invocations=23 (full 2):
 PSYoungGen      total 23040K, used 23040K [0x00000000eab00000, 0x00000000ec880000, 0x0000000100000000)
  eden space 21504K, 100% used [0x00000000eab00000,0x00000000ec000000,0x00000000ec000000)
  from space 1536K, 100% used [0x00000000ec400000,0x00000000ec580000,0x00000000ec580000)
  to   space 4096K, 0% used [0x00000000ec000000,0x00000000ec000000,0x00000000ec400000)
 ParOldGen       total 68608K, used 24909K [0x00000000c0000000, 0x00000000c4300000, 0x00000000eab00000)
  object space 68608K, 36% used [0x00000000c0000000,0x00000000c1853460,0x00000000c4300000)
 Metaspace       used 56874K, committed 57856K, reserved 1114112K
  class space    used 6175K, committed 6592K, reserved 1048576K
}
Event: 29.352 GC heap after
{Heap after GC invocations=23 (full 2):
 PSYoungGen      total 24064K, used 2317K [0x00000000eab00000, 0x00000000ec600000, 0x0000000100000000)
  eden space 21504K, 0% used [0x00000000eab00000,0x00000000eab00000,0x00000000ec000000)
  from space 2560K, 90% used [0x00000000ec000000,0x00000000ec243510,0x00000000ec280000)
  to   space 3072K, 0% used [0x00000000ec300000,0x00000000ec300000,0x00000000ec600000)
 ParOldGen       total 68608K, used 26405K [0x00000000c0000000, 0x00000000c4300000, 0x00000000eab00000)
  object space 68608K, 38% used [0x00000000c0000000,0x00000000c19c94b0,0x00000000c4300000)
 Metaspace       used 56874K, committed 57856K, reserved 1114112K
  class space    used 6175K, committed 6592K, reserved 1048576K
}
Event: 30.299 GC heap before
{Heap before GC invocations=24 (full 2):
 PSYoungGen      total 24064K, used 23821K [0x00000000eab00000, 0x00000000ec600000, 0x0000000100000000)
  eden space 21504K, 100% used [0x00000000eab00000,0x00000000ec000000,0x00000000ec000000)
  from space 2560K, 90% used [0x00000000ec000000,0x00000000ec243510,0x00000000ec280000)
  to   space 3072K, 0% used [0x00000000ec300000,0x00000000ec300000,0x00000000ec600000)
 ParOldGen       total 68608K, used 26405K [0x00000000c0000000, 0x00000000c4300000, 0x00000000eab00000)
  object space 68608K, 38% used [0x00000000c0000000,0x00000000c19c94b0,0x00000000c4300000)
 Metaspace       used 57471K, committed 58432K, reserved 1114112K
  class space    used 6235K, committed 6656K, reserved 1048576K
}
Event: 30.305 GC heap after
{Heap after GC invocations=24 (full 2):
 PSYoungGen      total 23552K, used 1536K [0x00000000eab00000, 0x00000000ec500000, 0x0000000100000000)
  eden space 21504K, 0% used [0x00000000eab00000,0x00000000eab00000,0x00000000ec000000)
  from space 2048K, 75% used [0x00000000ec300000,0x00000000ec480020,0x00000000ec500000)
  to   space 2048K, 0% used [0x00000000ec100000,0x00000000ec100000,0x00000000ec300000)
 ParOldGen       total 68608K, used 28456K [0x00000000c0000000, 0x00000000c4300000, 0x00000000eab00000)
  object space 68608K, 41% used [0x00000000c0000000,0x00000000c1bca180,0x00000000c4300000)
 Metaspace       used 57471K, committed 58432K, reserved 1114112K
  class space    used 6235K, committed 6656K, reserved 1048576K
}
Event: 32.462 GC heap before
{Heap before GC invocations=25 (full 2):
 PSYoungGen      total 23552K, used 23040K [0x00000000eab00000, 0x00000000ec500000, 0x0000000100000000)
  eden space 21504K, 100% used [0x00000000eab00000,0x00000000ec000000,0x00000000ec000000)
  from space 2048K, 75% used [0x00000000ec300000,0x00000000ec480020,0x00000000ec500000)
  to   space 2048K, 0% used [0x00000000ec100000,0x00000000ec100000,0x00000000ec300000)
 ParOldGen       total 68608K, used 28456K [0x00000000c0000000, 0x00000000c4300000, 0x00000000eab00000)
  object space 68608K, 41% used [0x00000000c0000000,0x00000000c1bca180,0x00000000c4300000)
 Metaspace       used 58187K, committed 59200K, reserved 1114112K
  class space    used 6319K, committed 6720K, reserved 1048576K
}
Event: 32.470 GC heap after
{Heap after GC invocations=25 (full 2):
 PSYoungGen      total 23040K, used 1461K [0x00000000eab00000, 0x00000000ec400000, 0x0000000100000000)
  eden space 21504K, 0% used [0x00000000eab00000,0x00000000eab00000,0x00000000ec000000)
  from space 1536K, 95% used [0x00000000ec100000,0x00000000ec26d4a8,0x00000000ec280000)
  to   space 1536K, 0% used [0x00000000ec280000,0x00000000ec280000,0x00000000ec400000)
 ParOldGen       total 68608K, used 29814K [0x00000000c0000000, 0x00000000c4300000, 0x00000000eab00000)
  object space 68608K, 43% used [0x00000000c0000000,0x00000000c1d1d930,0x00000000c4300000)
 Metaspace       used 58187K, committed 59200K, reserved 1114112K
  class space    used 6319K, committed 6720K, reserved 1048576K
}
Event: 33.194 GC heap before
{Heap before GC invocations=26 (full 2):
 PSYoungGen      total 23040K, used 8138K [0x00000000eab00000, 0x00000000ec400000, 0x0000000100000000)
  eden space 21504K, 31% used [0x00000000eab00000,0x00000000eb1856c8,0x00000000ec000000)
  from space 1536K, 95% used [0x00000000ec100000,0x00000000ec26d4a8,0x00000000ec280000)
  to   space 1536K, 0% used [0x00000000ec280000,0x00000000ec280000,0x00000000ec400000)
 ParOldGen       total 68608K, used 29814K [0x00000000c0000000, 0x00000000c4300000, 0x00000000eab00000)
  object space 68608K, 43% used [0x00000000c0000000,0x00000000c1d1d930,0x00000000c4300000)
 Metaspace       used 58759K, committed 59776K, reserved 1114112K
  class space    used 6379K, committed 6784K, reserved 1048576K
}
Event: 33.198 GC heap after
{Heap after GC invocations=26 (full 2):
 PSYoungGen      total 22016K, used 445K [0x00000000eab00000, 0x00000000ec300000, 0x0000000100000000)
  eden space 21504K, 0% used [0x00000000eab00000,0x00000000eab00000,0x00000000ec000000)
  from space 512K, 87% used [0x00000000ec280000,0x00000000ec2ef670,0x00000000ec300000)
  to   space 1024K, 0% used [0x00000000ec100000,0x00000000ec100000,0x00000000ec200000)
 ParOldGen       total 68608K, used 31080K [0x00000000c0000000, 0x00000000c4300000, 0x00000000eab00000)
  object space 68608K, 45% used [0x00000000c0000000,0x00000000c1e5a308,0x00000000c4300000)
 Metaspace       used 58759K, committed 59776K, reserved 1114112K
  class space    used 6379K, committed 6784K, reserved 1048576K
}
Event: 33.198 GC heap before
{Heap before GC invocations=27 (full 3):
 PSYoungGen      total 22016K, used 445K [0x00000000eab00000, 0x00000000ec300000, 0x0000000100000000)
  eden space 21504K, 0% used [0x00000000eab00000,0x00000000eab00000,0x00000000ec000000)
  from space 512K, 87% used [0x00000000ec280000,0x00000000ec2ef670,0x00000000ec300000)
  to   space 1024K, 0% used [0x00000000ec100000,0x00000000ec100000,0x00000000ec200000)
 ParOldGen       total 68608K, used 31080K [0x00000000c0000000, 0x00000000c4300000, 0x00000000eab00000)
  object space 68608K, 45% used [0x00000000c0000000,0x00000000c1e5a308,0x00000000c4300000)
 Metaspace       used 58759K, committed 59776K, reserved 1114112K
  class space    used 6379K, committed 6784K, reserved 1048576K
}
Event: 33.341 GC heap after
{Heap after GC invocations=27 (full 3):
 PSYoungGen      total 22016K, used 0K [0x00000000eab00000, 0x00000000ec300000, 0x0000000100000000)
  eden space 21504K, 0% used [0x00000000eab00000,0x00000000eab00000,0x00000000ec000000)
  from space 512K, 0% used [0x00000000ec280000,0x00000000ec280000,0x00000000ec300000)
  to   space 1024K, 0% used [0x00000000ec100000,0x00000000ec100000,0x00000000ec200000)
 ParOldGen       total 68608K, used 27603K [0x00000000c0000000, 0x00000000c4300000, 0x00000000eab00000)
  object space 68608K, 40% used [0x00000000c0000000,0x00000000c1af4ef8,0x00000000c4300000)
 Metaspace       used 58759K, committed 59776K, reserved 1114112K
  class space    used 6379K, committed 6784K, reserved 1048576K
}
Event: 33.687 GC heap before
{Heap before GC invocations=28 (full 3):
 PSYoungGen      total 22016K, used 21503K [0x00000000eab00000, 0x00000000ec300000, 0x0000000100000000)
  eden space 21504K, 99% used [0x00000000eab00000,0x00000000ebfffff8,0x00000000ec000000)
  from space 512K, 0% used [0x00000000ec280000,0x00000000ec280000,0x00000000ec300000)
  to   space 1024K, 0% used [0x00000000ec100000,0x00000000ec100000,0x00000000ec200000)
 ParOldGen       total 68608K, used 27603K [0x00000000c0000000, 0x00000000c4300000, 0x00000000eab00000)
  object space 68608K, 40% used [0x00000000c0000000,0x00000000c1af4ef8,0x00000000c4300000)
 Metaspace       used 59014K, committed 60096K, reserved 1114112K
  class space    used 6388K, committed 6848K, reserved 1048576K
}
Event: 33.694 GC heap after
{Heap after GC invocations=28 (full 3):
 PSYoungGen      total 22528K, used 992K [0x00000000eab00000, 0x00000000ec600000, 0x0000000100000000)
  eden space 21504K, 0% used [0x00000000eab00000,0x00000000eab00000,0x00000000ec000000)
  from space 1024K, 96% used [0x00000000ec100000,0x00000000ec1f8020,0x00000000ec200000)
  to   space 3072K, 0% used [0x00000000ec300000,0x00000000ec300000,0x00000000ec600000)
 ParOldGen       total 68608K, used 29267K [0x00000000c0000000, 0x00000000c4300000, 0x00000000eab00000)
  object space 68608K, 42% used [0x00000000c0000000,0x00000000c1c94f68,0x00000000c4300000)
 Metaspace       used 59014K, committed 60096K, reserved 1114112K
  class space    used 6388K, committed 6848K, reserved 1048576K
}
Event: 33.949 GC heap before
{Heap before GC invocations=29 (full 3):
 PSYoungGen      total 22528K, used 22496K [0x00000000eab00000, 0x00000000ec600000, 0x0000000100000000)
  eden space 21504K, 100% used [0x00000000eab00000,0x00000000ec000000,0x00000000ec000000)
  from space 1024K, 96% used [0x00000000ec100000,0x00000000ec1f8020,0x00000000ec200000)
  to   space 3072K, 0% used [0x00000000ec300000,0x00000000ec300000,0x00000000ec600000)
 ParOldGen       total 68608K, used 29267K [0x00000000c0000000, 0x00000000c4300000, 0x00000000eab00000)
  object space 68608K, 42% used [0x00000000c0000000,0x00000000c1c94f68,0x00000000c4300000)
 Metaspace       used 59185K, committed 60224K, reserved 1114112K
  class space    used 6392K, committed 6848K, reserved 1048576K
}
Event: 33.955 GC heap after
{Heap after GC invocations=29 (full 3):
 PSYoungGen      total 23552K, used 2016K [0x00000000eab00000, 0x00000000ec500000, 0x0000000100000000)
  eden space 21504K, 0% used [0x00000000eab00000,0x00000000eab00000,0x00000000ec000000)
  from space 2048K, 98% used [0x00000000ec300000,0x00000000ec4f8020,0x00000000ec500000)
  to   space 2560K, 0% used [0x00000000ec000000,0x00000000ec000000,0x00000000ec280000)
 ParOldGen       total 68608K, used 30075K [0x00000000c0000000, 0x00000000c4300000, 0x00000000eab00000)
  object space 68608K, 43% used [0x00000000c0000000,0x00000000c1d5ec78,0x00000000c4300000)
 Metaspace       used 59185K, committed 60224K, reserved 1114112K
  class space    used 6392K, committed 6848K, reserved 1048576K
}
Event: 35.154 GC heap before
{Heap before GC invocations=30 (full 3):
 PSYoungGen      total 23552K, used 23520K [0x00000000eab00000, 0x00000000ec500000, 0x0000000100000000)
  eden space 21504K, 100% used [0x00000000eab00000,0x00000000ec000000,0x00000000ec000000)
  from space 2048K, 98% used [0x00000000ec300000,0x00000000ec4f8020,0x00000000ec500000)
  to   space 2560K, 0% used [0x00000000ec000000,0x00000000ec000000,0x00000000ec280000)
 ParOldGen       total 68608K, used 30075K [0x00000000c0000000, 0x00000000c4300000, 0x00000000eab00000)
  object space 68608K, 43% used [0x00000000c0000000,0x00000000c1d5ec78,0x00000000c4300000)
 Metaspace       used 60112K, committed 61184K, reserved 1114112K
  class space    used 6476K, committed 6912K, reserved 1048576K
}
Event: 35.161 GC heap after
{Heap after GC invocations=30 (full 3):
 PSYoungGen      total 23552K, used 1648K [0x00000000eab00000, 0x00000000ec400000, 0x0000000100000000)
  eden space 21504K, 0% used [0x00000000eab00000,0x00000000eab00000,0x00000000ec000000)
  from space 2048K, 80% used [0x00000000ec000000,0x00000000ec19c010,0x00000000ec200000)
  to   space 2048K, 0% used [0x00000000ec200000,0x00000000ec200000,0x00000000ec400000)
 ParOldGen       total 68608K, used 31610K [0x00000000c0000000, 0x00000000c4300000, 0x00000000eab00000)
  object space 68608K, 46% used [0x00000000c0000000,0x00000000c1edea28,0x00000000c4300000)
 Metaspace       used 60112K, committed 61184K, reserved 1114112K
  class space    used 6476K, committed 6912K, reserved 1048576K
}
Event: 36.522 GC heap before
{Heap before GC invocations=31 (full 3):
 PSYoungGen      total 23552K, used 23152K [0x00000000eab00000, 0x00000000ec400000, 0x0000000100000000)
  eden space 21504K, 100% used [0x00000000eab00000,0x00000000ec000000,0x00000000ec000000)
  from space 2048K, 80% used [0x00000000ec000000,0x00000000ec19c010,0x00000000ec200000)
  to   space 2048K, 0% used [0x00000000ec200000,0x00000000ec200000,0x00000000ec400000)
 ParOldGen       total 68608K, used 31610K [0x00000000c0000000, 0x00000000c4300000, 0x00000000eab00000)
  object space 68608K, 46% used [0x00000000c0000000,0x00000000c1edea28,0x00000000c4300000)
 Metaspace       used 61267K, committed 62464K, reserved 1114112K
  class space    used 6592K, committed 7104K, reserved 1048576K
}
Event: 36.530 GC heap after
{Heap after GC invocations=31 (full 3):
 PSYoungGen      total 23040K, used 1136K [0x00000000eab00000, 0x00000000ec380000, 0x0000000100000000)
  eden space 21504K, 0% used [0x00000000eab00000,0x00000000eab00000,0x00000000ec000000)
  from space 1536K, 73% used [0x00000000ec200000,0x00000000ec31c010,0x00000000ec380000)
  to   space 1536K, 0% used [0x00000000ec080000,0x00000000ec080000,0x00000000ec200000)
 ParOldGen       total 68608K, used 33002K [0x00000000c0000000, 0x00000000c4300000, 0x00000000eab00000)
  object space 68608K, 48% used [0x00000000c0000000,0x00000000c203aa28,0x00000000c4300000)
 Metaspace       used 61267K, committed 62464K, reserved 1114112K
  class space    used 6592K, committed 7104K, reserved 1048576K
}
Event: 36.861 GC heap before
{Heap before GC invocations=32 (full 3):
 PSYoungGen      total 23040K, used 22640K [0x00000000eab00000, 0x00000000ec380000, 0x0000000100000000)
  eden space 21504K, 100% used [0x00000000eab00000,0x00000000ec000000,0x00000000ec000000)
  from space 1536K, 73% used [0x00000000ec200000,0x00000000ec31c010,0x00000000ec380000)
  to   space 1536K, 0% used [0x00000000ec080000,0x00000000ec080000,0x00000000ec200000)
 ParOldGen       total 68608K, used 33002K [0x00000000c0000000, 0x00000000c4300000, 0x00000000eab00000)
  object space 68608K, 48% used [0x00000000c0000000,0x00000000c203aa28,0x00000000c4300000)
 Metaspace       used 61946K, committed 63104K, reserved 1114112K
  class space    used 6671K, committed 7168K, reserved 1048576K
}
Event: 36.866 GC heap after
{Heap after GC invocations=32 (full 3):
 PSYoungGen      total 23040K, used 1504K [0x00000000eab00000, 0x00000000ec700000, 0x0000000100000000)
  eden space 21504K, 0% used [0x00000000eab00000,0x00000000eab00000,0x00000000ec000000)
  from space 1536K, 97% used [0x00000000ec080000,0x00000000ec1f8040,0x00000000ec200000)
  to   space 3584K, 0% used [0x00000000ec380000,0x00000000ec380000,0x00000000ec700000)
 ParOldGen       total 68608K, used 34330K [0x00000000c0000000, 0x00000000c4300000, 0x00000000eab00000)
  object space 68608K, 50% used [0x00000000c0000000,0x00000000c21869b0,0x00000000c4300000)
 Metaspace       used 61946K, committed 63104K, reserved 1114112K
  class space    used 6671K, committed 7168K, reserved 1048576K
}

